[21-Nov-2024 16:07:32 UTC] Database connection failed: SQLSTATE[HY000] [2002] php_network_getaddresses: getaddrinfo for mysql2 failed: Name or service not known
[21-Nov-2024 16:11:46 UTC] Database connection failed: SQLSTATE[HY000] [2002] php_network_getaddresses: getaddrinfo for mysql1 failed: Temporary failure in name resolution
[21-Nov-2024 16:22:08 UTC] Database connection failed: SQLSTATE[HY000] [2002] php_network_getaddresses: getaddrinfo for mysql1 failed: Name or service not known
[21-Nov-2024 18:54:14 UTC] Database connection failed: SQLSTATE[HY000] [2002] php_network_getaddresses: getaddrinfo for mysql1 failed: Name or service not known
[21-Nov-2024 19:01:04 UTC] Database connection failed: SQLSTATE[HY000] [2002] php_network_getaddresses: getaddrinfo for mysql1 failed: Name or service not known
[21-Nov-2024 19:03:57 UTC] Database connection failed: SQLSTATE[HY000] [2002] php_network_getaddresses: getaddrinfo for mysql1 failed: Name or service not known
[21-Nov-2024 19:05:28 UTC] Database connection failed: SQLSTATE[HY000] [2002] php_network_getaddresses: getaddrinfo for mysql1 failed: Name or service not known
[21-Nov-2024 20:02:45 UTC] Database connection failed: SQLSTATE[HY000] [2002] php_network_getaddresses: getaddrinfo for mysql1 failed: Name or service not known
[21-Nov-2024 20:03:38 UTC] Database connection failed: SQLSTATE[HY000] [2002] php_network_getaddresses: getaddrinfo for mysql1 failed: Name or service not known
[24-Nov-2024 18:36:39 UTC] Database connection failed: SQLSTATE[HY000] [2002] php_network_getaddresses: getaddrinfo for mysql1 failed: Name or service not known
[24-Nov-2024 18:39:22 UTC] Database connection failed: SQLSTATE[HY000] [2002] php_network_getaddresses: getaddrinfo for mysql1 failed: Name or service not known
[24-Nov-2024 18:40:16 UTC] Database connection failed: SQLSTATE[HY000] [2002] php_network_getaddresses: getaddrinfo for mysql1 failed: Name or service not known
[24-Nov-2024 18:41:11 UTC] Database connection failed: SQLSTATE[HY000] [2002] php_network_getaddresses: getaddrinfo for mysql1 failed: Name or service not known
[24-Nov-2024 18:41:34 UTC] Database connection failed: SQLSTATE[HY000] [2002] php_network_getaddresses: getaddrinfo for mysql1 failed: Name or service not known
[24-Nov-2024 18:43:03 UTC] Database connection failed: SQLSTATE[HY000] [2002] php_network_getaddresses: getaddrinfo for mysql1 failed: Name or service not known
[24-Nov-2024 18:46:30 UTC] Database connection failed: SQLSTATE[HY000] [2002] php_network_getaddresses: getaddrinfo for mysql1 failed: Name or service not known
[24-Nov-2024 18:47:45 UTC] Database connection failed: SQLSTATE[HY000] [2002] php_network_getaddresses: getaddrinfo for mysql1 failed: Name or service not known
[24-Nov-2024 18:49:44 UTC] Database connection failed: SQLSTATE[HY000] [2002] php_network_getaddresses: getaddrinfo for mysql1 failed: Name or service not known
[24-Nov-2024 19:36:45 UTC] Error decoding JSON: Malformed UTF-8 characters, possibly incorrectly encoded
[24-Nov-2024 19:36:59 UTC] Error decoding JSON: Malformed UTF-8 characters, possibly incorrectly encoded
[24-Nov-2024 19:37:13 UTC] Error decoding JSON: Malformed UTF-8 characters, possibly incorrectly encoded
[24-Nov-2024 19:37:26 UTC] Error decoding JSON: Malformed UTF-8 characters, possibly incorrectly encoded
[24-Nov-2024 19:42:32 UTC] Error decoding JSON: Malformed UTF-8 characters, possibly incorrectly encoded
[24-Nov-2024 19:56:46 UTC] Error decoding JSON: Syntax error
[24-Nov-2024 20:22:25 UTC] Database error: SQLSTATE[42S02]: Base table or view not found: 1146 Table 'developmentdb.items' doesn't exist
[24-Nov-2024 20:23:24 UTC] Database error: SQLSTATE[42S02]: Base table or view not found: 1146 Table 'developmentdb.item' doesn't exist
[24-Nov-2024 21:01:03 UTC] Database error: SQLSTATE[HY093]: Invalid parameter number: parameter was not defined
[24-Nov-2024 21:02:21 UTC] Database error: SQLSTATE[HY093]: Invalid parameter number: parameter was not defined
